[2017-03-10 11:04:52 +0800] [16553] [INFO] Starting gunicorn 19.7.0
[2017-03-10 11:04:52 +0800] [16553] [INFO] Listening at: http://0.0.0.0:8083 (16553)
[2017-03-10 11:04:52 +0800] [16553] [INFO] Using worker: sync
[2017-03-10 11:04:52 +0800] [16556] [INFO] Booting worker with pid: 16556
[2017-03-10 11:06:38 +0800] [16553] [CRITICAL] WORKER TIMEOUT (pid:16556)
[2017-03-10 03:06:38 +0000] [16556] [INFO] Worker exiting (pid: 16556)
[2017-03-10 11:06:38 +0800] [16563] [INFO] Booting worker with pid: 16563
[2017-03-10 11:07:09 +0800] [16553] [CRITICAL] WORKER TIMEOUT (pid:16563)
[2017-03-10 03:07:09 +0000] [16563] [INFO] Worker exiting (pid: 16563)
[2017-03-10 11:07:09 +0800] [16632] [INFO] Booting worker with pid: 16632
[2017-03-10 11:37:33 +0800] [16553] [CRITICAL] WORKER TIMEOUT (pid:16632)
[2017-03-10 03:37:33 +0000] [16632] [INFO] Worker exiting (pid: 16632)
[2017-03-10 11:37:33 +0800] [16899] [INFO] Booting worker with pid: 16899
[2017-03-10 05:08:17 +0000] [16899] [INFO] Worker exiting (pid: 16899)
[2017-03-10 13:08:17 +0800] [16553] [INFO] Handling signal: term
[2017-03-10 13:08:17 +0800] [16553] [INFO] Shutting down: Master
[2017-03-10 13:47:48 +0800] [4485] [INFO] Starting gunicorn 19.7.0
[2017-03-10 13:47:48 +0800] [4485] [INFO] Listening at: http://0.0.0.0:8083 (4485)
[2017-03-10 13:47:48 +0800] [4485] [INFO] Using worker: sync
[2017-03-10 13:47:48 +0800] [4488] [INFO] Booting worker with pid: 4488
[2017-03-10 13:49:21 +0800] [4528] [INFO] Starting gunicorn 19.7.0
[2017-03-10 13:49:21 +0800] [4528] [INFO] Listening at: http://0.0.0.0:8083 (4528)
[2017-03-10 13:49:21 +0800] [4528] [INFO] Using worker: sync
[2017-03-10 13:49:21 +0800] [4531] [INFO] Booting worker with pid: 4531
[2017-03-10 13:50:12 +0800] [4603] [INFO] Starting gunicorn 19.7.0
[2017-03-10 13:50:12 +0800] [4603] [INFO] Listening at: http://0.0.0.0:8083 (4603)
[2017-03-10 13:50:12 +0800] [4603] [INFO] Using worker: sync
[2017-03-10 13:50:12 +0800] [4606] [INFO] Booting worker with pid: 4606
[2017-03-10 13:50:42 +0800] [4632] [INFO] Starting gunicorn 19.7.0
[2017-03-10 13:50:42 +0800] [4632] [INFO] Listening at: http://0.0.0.0:8083 (4632)
[2017-03-10 13:50:42 +0800] [4632] [INFO] Using worker: sync
[2017-03-10 13:50:42 +0800] [4635] [INFO] Booting worker with pid: 4635
[2017-03-10 14:01:29 +0800] [5230] [INFO] Starting gunicorn 19.7.0
[2017-03-10 14:01:29 +0800] [5230] [INFO] Listening at: http://0.0.0.0:8083 (5230)
[2017-03-10 14:01:29 +0800] [5230] [INFO] Using worker: sync
[2017-03-10 14:01:29 +0800] [5233] [INFO] Booting worker with pid: 5233
[2017-03-10 14:20:18 +0800] [5822] [INFO] Starting gunicorn 19.7.0
[2017-03-10 14:20:18 +0800] [5822] [INFO] Listening at: http://0.0.0.0:8083 (5822)
[2017-03-10 14:20:18 +0800] [5822] [INFO] Using worker: sync
[2017-03-10 14:20:18 +0800] [5825] [INFO] Booting worker with pid: 5825
[2017-03-10 14:22:24 +0800] [5822] [CRITICAL] WORKER TIMEOUT (pid:5825)
[2017-03-10 06:22:24 +0000] [5825] [INFO] Worker exiting (pid: 5825)
[2017-03-10 14:22:24 +0800] [5873] [INFO] Booting worker with pid: 5873
[2017-03-10 14:22:55 +0800] [5822] [CRITICAL] WORKER TIMEOUT (pid:5873)
[2017-03-10 06:22:55 +0000] [5873] [INFO] Worker exiting (pid: 5873)
[2017-03-10 14:22:55 +0800] [5922] [INFO] Booting worker with pid: 5922
[2017-03-10 15:49:12 +0800] [5822] [CRITICAL] WORKER TIMEOUT (pid:5922)
[2017-03-10 07:49:12 +0000] [5922] [INFO] Worker exiting (pid: 5922)
[2017-03-10 15:49:12 +0800] [6805] [INFO] Booting worker with pid: 6805
[2017-03-10 07:52:28 +0000] [6805] [INFO] Worker exiting (pid: 6805)
[2017-03-10 15:52:28 +0800] [5822] [INFO] Handling signal: term
[2017-03-10 15:52:28 +0800] [5822] [INFO] Shutting down: Master
[2017-03-20 16:09:58 +0800] [19110] [INFO] Starting gunicorn 19.7.0
[2017-03-20 16:09:58 +0800] [19110] [INFO] Listening at: http://0.0.0.0:8083 (19110)
[2017-03-20 16:09:58 +0800] [19110] [INFO] Using worker: sync
[2017-03-20 16:09:58 +0800] [19113] [INFO] Booting worker with pid: 19113
[2017-03-22 11:55:28 +0800] [19110] [CRITICAL] WORKER TIMEOUT (pid:19113)
[2017-03-22 03:55:28 +0000] [19113] [INFO] Worker exiting (pid: 19113)
[2017-03-22 11:55:28 +0800] [21687] [INFO] Booting worker with pid: 21687
[2017-03-24 15:03:10 +0800] [1626] [INFO] Starting gunicorn 19.7.0
[2017-03-24 15:03:10 +0800] [1626] [INFO] Listening at: http://0.0.0.0:8083 (1626)
[2017-03-24 15:03:10 +0800] [1626] [INFO] Using worker: sync
[2017-03-24 15:03:10 +0800] [1629] [INFO] Booting worker with pid: 1629
